<?xml version="1.0" encoding="UTF-8"?>
<!-- Generated by org.testng.reporters.JUnitReportReporter -->
<testsuite hostname="DESKTOP-UIK1AE0" name="FirstTest" tests="1" failures="0" timestamp="21 Dec 2018 16:49:31 GMT" time="19.820" errors="0">
  <testcase name="googleTest" time="19.820" classname="FirstTest"/>
</testsuite> <!-- FirstTest -->
